내일 뭐해?
바빠.
그럼 오늘은 뭐해?
왜?
우리 못 본 지 한참 된 것 같아서ㅜㅜ
지금 1층으로 내려와.
나 보러 온거야?
딱히 그건 아니고.. 그냥 지나가다 들렀어.
진짜? 안 믿기는데?
진짜거든ㅡㅡ
아, 배고프다..너는 배 안고파?
나 밥 먹고 왔어.
응. 알았어. 우리 어디 갈까?
추운데 어딜 가! 얼굴 봤으니 됐어. 이제 들어가.
뭐야ㅠㅠ 싫어~~ 조금만 더 같이 있자!
어린 애니? 징징거리지마. 에효.. 그럼 근처 카페에 가던가 말던가.
그래그래 가자!
너 커피 뭐 마실거냐?
음... 나는...
어휴... 답답해. 너 단 거 좋아하잖아. 녹차라떼 먹어.
그래!ㅎㅎ
근데 옷이 그게 뭐냐? 꼬라지하고는...
급히 나온다고 그런거잖아!
너 지금 나한테 화내는 거야?
아니... 그런게 아니라...
됐고, 이거 입어.
헐~ 감동이야! 역시 날 챙겨주는 사람은 너밖에 없네~
뭐 딱히... 네가 좋아서 그런건 아니고, 감기 걸리면 옮으니까 그렇지!
칫.. 너무해..
근데 너 수강신청은 했어?
응? 수강신청 다음주 아냐?
오늘까지야. 이 바보야! 제발 신경 좀 덜 쓰이게 해라!
어떡해ㅜㅜ 나 지금 바로 피시방 가야겠다! 같이 갈래?
어휴.. 귀찮지만 따라가줄게. 밥은 네가 사라?
응! 당근이지!ㅎㅎ 뭐 먹고 싶어?
제육백반.
어? 내가 제육백반 좋아하는 건 어떻게 알았지ㅎㅎ 가자!
그리고 이건 오다 주웠어. 자, 여기 초콜릿!
대박! 역시 니가 최고야!
그걸 이제 알았니. 멍청아.